<?xml version="1.0" encoding="UTF-8"?>
<testsuite name="JofogasTestSuite" tests="1" skipped="0" failures="0" errors="0" timestamp="2024-05-12T21:00:28" hostname="LAPTOP-HJ5D93G7" time="9.233">
  <properties/>
  <testcase name="searchForBudapest50m100m" classname="JofogasTestSuite" time="9.233"/>
  <system-out><![CDATA[]]></system-out>
  <system-err><![CDATA[Starting ChromeDriver 124.0.6367.201 (46cf136d27d50afd9c618d164a3b95b3b62d0027-refs/branch-heads/6367@{#1130}) on port 15644
Only local connections are allowed.
Please see https://chromedriver.chromium.org/security-considerations for suggestions on keeping ChromeDriver safe.
ChromeDriver was started successfully.
May 12, 2024 11:00:30 PM org.openqa.selenium.remote.ProtocolHandshake createSession
INFO: Detected dialect: W3C
]]></system-err>
</testsuite>
